2022-04-08 14:06:09,951 Namespace(cfg='experiments/coco/resnet50/256x192_d256x3_adam_lr1e-3_caffe.yaml', frequent=100, gpus=None, workers=None)
2022-04-08 14:06:09,953 {'CUDNN': {'BENCHMARK': True, 'DETERMINISTIC': False, 'ENABLED': True},
 'DATASET': {'DATASET': 'coco',
             'DATA_FORMAT': 'jpg',
             'FLIP': True,
             'HYBRID_JOINTS_TYPE': '',
             'ROOT': 'data/coco/',
             'ROT_FACTOR': 40,
             'SCALE_FACTOR': 0.3,
             'SELECT_DATA': False,
             'TEST_SET': 'val2017',
             'TRAIN_SET': 'train2017'},
 'DATA_DIR': '',
 'DEBUG': {'DEBUG': True,
           'SAVE_BATCH_IMAGES_GT': True,
           'SAVE_BATCH_IMAGES_PRED': True,
           'SAVE_HEATMAPS_GT': True,
           'SAVE_HEATMAPS_PRED': True},
 'GPUS': '0',
 'LOG_DIR': 'log',
 'LOSS': {'USE_TARGET_WEIGHT': True},
 'MODEL': {'EXTRA': {'DECONV_WITH_BIAS': False,
                     'FINAL_CONV_KERNEL': 1,
                     'HEATMAP_SIZE': array([48, 64]),
                     'NUM_DECONV_FILTERS': [256, 256, 256],
                     'NUM_DECONV_KERNELS': [4, 4, 4],
                     'NUM_DECONV_LAYERS': 3,
                     'NUM_LAYERS': 50,
                     'SIGMA': 2,
                     'TARGET_TYPE': 'gaussian'},
           'IMAGE_SIZE': array([192, 256]),
           'INIT_WEIGHTS': True,
           'NAME': 'pose_resnet',
           'NUM_JOINTS': 17,
           'PRETRAINED': 'models/pytorch/imagenet/resnet50-caffe.pth.tar',
           'STYLE': 'caffe'},
 'OUTPUT_DIR': 'output',
 'PRINT_FREQ': 100,
 'TEST': {'BATCH_SIZE': 32,
          'BBOX_THRE': 1.0,
          'COCO_BBOX_FILE': 'data/coco/person_detection_results/COCO_val2017_detections_AP_H_56_person.json',
          'FLIP_TEST': False,
          'IMAGE_THRE': 0.0,
          'IN_VIS_THRE': 0.2,
          'MODEL_FILE': '',
          'NMS_THRE': 1.0,
          'OKS_THRE': 0.9,
          'POST_PROCESS': True,
          'SHIFT_HEATMAP': True,
          'USE_GT_BBOX': True},
 'TRAIN': {'BATCH_SIZE': 32,
           'BEGIN_EPOCH': 0,
           'CHECKPOINT': '',
           'END_EPOCH': 140,
           'GAMMA1': 0.99,
           'GAMMA2': 0.0,
           'LR': 0.001,
           'LR_FACTOR': 0.1,
           'LR_STEP': [90, 120],
           'MOMENTUM': 0.9,
           'NESTEROV': False,
           'OPTIMIZER': 'adam',
           'RESUME': False,
           'SHUFFLE': True,
           'WD': 0.0001},
 'WORKERS': 4}
2022-04-08 14:06:10,214 => init deconv weights from normal distribution
2022-04-08 14:06:10,215 => init 0.weight as normal(0, 0.001)
2022-04-08 14:06:10,215 => init 0.bias as 0
2022-04-08 14:06:10,265 => init 1.weight as 1
2022-04-08 14:06:10,266 => init 1.bias as 0
2022-04-08 14:06:10,266 => init 3.weight as normal(0, 0.001)
2022-04-08 14:06:10,266 => init 3.bias as 0
2022-04-08 14:06:10,272 => init 4.weight as 1
2022-04-08 14:06:10,273 => init 4.bias as 0
2022-04-08 14:06:10,273 => init 6.weight as normal(0, 0.001)
2022-04-08 14:06:10,273 => init 6.bias as 0
2022-04-08 14:06:10,279 => init 7.weight as 1
2022-04-08 14:06:10,279 => init 7.bias as 0
2022-04-08 14:06:10,280 => init final conv weights from normal distribution
2022-04-08 14:06:10,280 => init 8.weight as normal(0, 0.001)
2022-04-08 14:06:10,280 => init 8.bias as 0
2022-04-08 14:06:10,280 => loading pretrained model models/pytorch/imagenet/resnet50-caffe.pth.tar
2022-04-08 14:06:31,966 => num_images: 66917
2022-04-08 14:06:34,112 => load 66917 samples
2022-04-08 14:06:34,292 => num_images: 22306
2022-04-08 14:06:35,001 => load 22306 samples
2022-04-08 14:06:37,690 Epoch: [0][0/2092]	Time 2.687s (2.687s)	Speed 11.9 samples/s	Data 1.026s (1.026s)	Loss 13.09054 (13.09054)	Accuracy 0.006 (0.006)
2022-04-08 14:07:03,743 Epoch: [0][100/2092]	Time 0.216s (0.285s)	Speed 147.9 samples/s	Data 0.000s (0.050s)	Loss 8.97198 (11.07309)	Accuracy 0.000 (0.001)
2022-04-08 14:07:29,438 Epoch: [0][200/2092]	Time 0.217s (0.271s)	Speed 147.2 samples/s	Data 0.000s (0.044s)	Loss 7.95890 (10.67834)	Accuracy 0.027 (0.009)
2022-04-08 14:07:55,158 Epoch: [0][300/2092]	Time 0.220s (0.266s)	Speed 145.6 samples/s	Data 0.000s (0.042s)	Loss 8.37012 (10.22740)	Accuracy 0.122 (0.034)
2022-04-08 14:08:20,951 Epoch: [0][400/2092]	Time 0.216s (0.264s)	Speed 148.1 samples/s	Data 0.000s (0.041s)	Loss 7.05697 (9.85770)	Accuracy 0.211 (0.067)
2022-04-08 14:08:47,017 Epoch: [0][500/2092]	Time 0.219s (0.263s)	Speed 145.9 samples/s	Data 0.000s (0.041s)	Loss 10.63304 (9.60607)	Accuracy 0.252 (0.095)
2022-04-08 14:09:12,862 Epoch: [0][600/2092]	Time 0.224s (0.263s)	Speed 143.0 samples/s	Data 0.000s (0.041s)	Loss 9.17672 (9.33394)	Accuracy 0.282 (0.122)
