2022-04-08 13:46:54,525 Namespace(cfg='experiments/coco/resnet50/256x192_d256x3_adam_lr1e-3_caffe.yaml', frequent=100, gpus=None, workers=None)
2022-04-08 13:46:54,531 {'CUDNN': {'BENCHMARK': True, 'DETERMINISTIC': False, 'ENABLED': True},
 'DATASET': {'DATASET': 'coco',
             'DATA_FORMAT': 'jpg',
             'FLIP': True,
             'HYBRID_JOINTS_TYPE': '',
             'ROOT': 'data/coco/',
             'ROT_FACTOR': 40,
             'SCALE_FACTOR': 0.3,
             'SELECT_DATA': False,
             'TEST_SET': 'val2017',
             'TRAIN_SET': 'train2017'},
 'DATA_DIR': '',
 'DEBUG': {'DEBUG': True,
           'SAVE_BATCH_IMAGES_GT': True,
           'SAVE_BATCH_IMAGES_PRED': True,
           'SAVE_HEATMAPS_GT': True,
           'SAVE_HEATMAPS_PRED': True},
 'GPUS': '0',
 'LOG_DIR': 'log',
 'LOSS': {'USE_TARGET_WEIGHT': True},
 'MODEL': {'EXTRA': {'DECONV_WITH_BIAS': False,
                     'FINAL_CONV_KERNEL': 1,
                     'HEATMAP_SIZE': array([48, 64]),
                     'NUM_DECONV_FILTERS': [256, 256, 256],
                     'NUM_DECONV_KERNELS': [4, 4, 4],
                     'NUM_DECONV_LAYERS': 3,
                     'NUM_LAYERS': 50,
                     'SIGMA': 2,
                     'TARGET_TYPE': 'gaussian'},
           'IMAGE_SIZE': array([192, 256]),
           'INIT_WEIGHTS': True,
           'NAME': 'pose_resnet',
           'NUM_JOINTS': 17,
           'PRETRAINED': 'models/pytorch/imagenet/resnet50-caffe.pth.tar',
           'STYLE': 'caffe'},
 'OUTPUT_DIR': 'output',
 'PRINT_FREQ': 100,
 'TEST': {'BATCH_SIZE': 32,
          'BBOX_THRE': 1.0,
          'COCO_BBOX_FILE': 'data/coco/person_detection_results/COCO_val2017_detections_AP_H_56_person.json',
          'FLIP_TEST': False,
          'IMAGE_THRE': 0.0,
          'IN_VIS_THRE': 0.2,
          'MODEL_FILE': '',
          'NMS_THRE': 1.0,
          'OKS_THRE': 0.9,
          'POST_PROCESS': True,
          'SHIFT_HEATMAP': True,
          'USE_GT_BBOX': True},
 'TRAIN': {'BATCH_SIZE': 32,
           'BEGIN_EPOCH': 0,
           'CHECKPOINT': '',
           'END_EPOCH': 140,
           'GAMMA1': 0.99,
           'GAMMA2': 0.0,
           'LR': 0.001,
           'LR_FACTOR': 0.1,
           'LR_STEP': [90, 120],
           'MOMENTUM': 0.9,
           'NESTEROV': False,
           'OPTIMIZER': 'adam',
           'RESUME': False,
           'SHUFFLE': True,
           'WD': 0.0001},
 'WORKERS': 4}
2022-04-08 13:46:56,232 => init deconv weights from normal distribution
2022-04-08 13:46:56,233 => init 0.weight as normal(0, 0.001)
2022-04-08 13:46:56,233 => init 0.bias as 0
2022-04-08 13:46:56,285 => init 1.weight as 1
2022-04-08 13:46:56,285 => init 1.bias as 0
2022-04-08 13:46:56,285 => init 3.weight as normal(0, 0.001)
2022-04-08 13:46:56,285 => init 3.bias as 0
2022-04-08 13:46:56,292 => init 4.weight as 1
2022-04-08 13:46:56,292 => init 4.bias as 0
2022-04-08 13:46:56,292 => init 6.weight as normal(0, 0.001)
2022-04-08 13:46:56,292 => init 6.bias as 0
2022-04-08 13:46:56,299 => init 7.weight as 1
2022-04-08 13:46:56,299 => init 7.bias as 0
2022-04-08 13:46:56,299 => init final conv weights from normal distribution
2022-04-08 13:46:56,299 => init 8.weight as normal(0, 0.001)
2022-04-08 13:46:56,299 => init 8.bias as 0
2022-04-08 13:46:56,299 => loading pretrained model models/pytorch/imagenet/resnet50-caffe.pth.tar
2022-04-08 13:47:28,445 => num_images: 66917
2022-04-08 13:47:30,632 => load 66917 samples
2022-04-08 13:47:30,824 => num_images: 22306
2022-04-08 13:47:31,550 => load 22306 samples
2022-04-08 13:47:31,788 => fail to read /content/data/coco/images/train2017/0051227.jpg
2022-04-08 13:47:31,788 => fail to read /content/data/coco/images/train2017/0001334.jpg
2022-04-08 13:47:31,789 => fail to read /content/data/coco/images/train2017/0041217.jpg
2022-04-08 13:47:31,790 => fail to read /content/data/coco/images/train2017/0005177.jpg
2022-04-08 13:47:32,392 => fail to read /content/data/coco/images/train2017/0014685.jpg
2022-04-08 13:47:32,392 => fail to read /content/data/coco/images/train2017/0005140.jpg
2022-04-08 13:47:32,393 => fail to read /content/data/coco/images/train2017/0005563.jpg
2022-04-08 13:47:32,393 => fail to read /content/data/coco/images/train2017/0040422.jpg
2022-04-08 13:47:32,395 => fail to read /content/data/coco/images/train2017/0060411.jpg
