2021-12-05 01:01:13,583 Namespace(cfg='experiments/coco/resnet50/256x192_d256x3_adam_lr1e-3_caffe.yaml', frequent=100, gpus=None, workers=None)
2021-12-05 01:01:13,586 {'CUDNN': {'BENCHMARK': True, 'DETERMINISTIC': False, 'ENABLED': True},
 'DATASET': {'DATASET': 'coco',
             'DATA_FORMAT': 'jpg',
             'FLIP': True,
             'HYBRID_JOINTS_TYPE': '',
             'ROOT': 'data/coco/',
             'ROT_FACTOR': 40,
             'SCALE_FACTOR': 0.3,
             'SELECT_DATA': False,
             'TEST_SET': 'val2017',
             'TRAIN_SET': 'train2017'},
 'DATA_DIR': '',
 'DEBUG': {'DEBUG': True,
           'SAVE_BATCH_IMAGES_GT': True,
           'SAVE_BATCH_IMAGES_PRED': True,
           'SAVE_HEATMAPS_GT': True,
           'SAVE_HEATMAPS_PRED': True},
 'GPUS': '0',
 'LOG_DIR': 'log',
 'LOSS': {'USE_TARGET_WEIGHT': True},
 'MODEL': {'EXTRA': {'DECONV_WITH_BIAS': False,
                     'FINAL_CONV_KERNEL': 1,
                     'HEATMAP_SIZE': array([48, 64]),
                     'NUM_DECONV_FILTERS': [256, 256, 256],
                     'NUM_DECONV_KERNELS': [4, 4, 4],
                     'NUM_DECONV_LAYERS': 3,
                     'NUM_LAYERS': 50,
                     'SIGMA': 2,
                     'TARGET_TYPE': 'gaussian'},
           'IMAGE_SIZE': array([192, 256]),
           'INIT_WEIGHTS': True,
           'NAME': 'pose_resnet',
           'NUM_JOINTS': 17,
           'PRETRAINED': 'models/pytorch/imagenet/resnet50-caffe.pth.tar',
           'STYLE': 'caffe'},
 'OUTPUT_DIR': 'output',
 'PRINT_FREQ': 100,
 'TEST': {'BATCH_SIZE': 32,
          'BBOX_THRE': 1.0,
          'COCO_BBOX_FILE': 'data/coco/person_detection_results/COCO_val2017_detections_AP_H_56_person.json',
          'FLIP_TEST': False,
          'IMAGE_THRE': 0.0,
          'IN_VIS_THRE': 0.2,
          'MODEL_FILE': '',
          'NMS_THRE': 1.0,
          'OKS_THRE': 0.9,
          'POST_PROCESS': True,
          'SHIFT_HEATMAP': True,
          'USE_GT_BBOX': True},
 'TRAIN': {'BATCH_SIZE': 32,
           'BEGIN_EPOCH': 0,
           'CHECKPOINT': '',
           'END_EPOCH': 140,
           'GAMMA1': 0.99,
           'GAMMA2': 0.0,
           'LR': 0.001,
           'LR_FACTOR': 0.1,
           'LR_STEP': [90, 120],
           'MOMENTUM': 0.9,
           'NESTEROV': False,
           'OPTIMIZER': 'adam',
           'RESUME': False,
           'SHUFFLE': True,
           'WD': 0.0001},
 'WORKERS': 4}
2021-12-05 01:01:14,234 => init deconv weights from normal distribution
2021-12-05 01:01:14,234 => init 0.weight as normal(0, 0.001)
2021-12-05 01:01:14,234 => init 0.bias as 0
2021-12-05 01:01:14,300 => init 1.weight as 1
2021-12-05 01:01:14,300 => init 1.bias as 0
2021-12-05 01:01:14,301 => init 3.weight as normal(0, 0.001)
2021-12-05 01:01:14,301 => init 3.bias as 0
2021-12-05 01:01:14,309 => init 4.weight as 1
2021-12-05 01:01:14,309 => init 4.bias as 0
2021-12-05 01:01:14,309 => init 6.weight as normal(0, 0.001)
2021-12-05 01:01:14,309 => init 6.bias as 0
2021-12-05 01:01:14,318 => init 7.weight as 1
2021-12-05 01:01:14,318 => init 7.bias as 0
2021-12-05 01:01:14,318 => init final conv weights from normal distribution
2021-12-05 01:01:14,318 => init 8.weight as normal(0, 0.001)
2021-12-05 01:01:14,318 => init 8.bias as 0
2021-12-05 01:01:14,318 => loading pretrained model models/pytorch/imagenet/resnet50-caffe.pth.tar
2021-12-05 01:01:45,451 => num_images: 22306
2021-12-05 01:01:46,354 => load 22306 samples
2021-12-05 01:01:46,681 => num_images: 22306
2021-12-05 01:01:47,564 => load 22306 samples
2021-12-05 01:01:50,238 Epoch: [0][0/698]	Time 2.670s (2.670s)	Speed 12.0 samples/s	Data 1.085s (1.085s)	Loss 9.05384 (9.05384)	Accuracy 0.034 (0.034)
2021-12-05 01:02:13,876 Epoch: [0][100/698]	Time 0.226s (0.260s)	Speed 141.5 samples/s	Data 0.000s (0.020s)	Loss 7.08205 (11.28174)	Accuracy 0.029 (0.004)
2021-12-05 01:02:37,625 Epoch: [0][200/698]	Time 0.224s (0.249s)	Speed 143.1 samples/s	Data 0.000s (0.015s)	Loss 11.69471 (10.52364)	Accuracy 0.068 (0.022)
2021-12-05 01:03:01,385 Epoch: [0][300/698]	Time 0.227s (0.245s)	Speed 140.9 samples/s	Data 0.000s (0.013s)	Loss 8.90271 (10.07079)	Accuracy 0.137 (0.050)
2021-12-05 01:03:25,089 Epoch: [0][400/698]	Time 0.231s (0.243s)	Speed 138.4 samples/s	Data 0.000s (0.012s)	Loss 9.45942 (9.71323)	Accuracy 0.211 (0.086)
2021-12-05 01:03:48,722 Epoch: [0][500/698]	Time 0.240s (0.242s)	Speed 133.5 samples/s	Data 0.001s (0.012s)	Loss 9.73411 (9.40245)	Accuracy 0.284 (0.119)
2021-12-05 01:04:12,582 Epoch: [0][600/698]	Time 0.225s (0.241s)	Speed 141.9 samples/s	Data 0.001s (0.011s)	Loss 5.34978 (9.13959)	Accuracy 0.316 (0.146)
