2022-04-09 01:56:25,955 Namespace(cfg='experiments/coco/resnet50/256x192_d256x3_adam_lr1e-3_caffe.yaml', coco_bbox_file=None, flip_test=True, frequent=100, gpus=None, model_file='output/coco/pose_resnet_50/256x192_d256x3_adam_lr1e-3_caffe/final_state.pth.tar', post_process=False, shift_heatmap=False, use_detect_bbox=False, workers=None)
2022-04-09 01:56:25,958 {'CUDNN': {'BENCHMARK': True, 'DETERMINISTIC': False, 'ENABLED': True},
 'DATASET': {'DATASET': 'coco',
             'DATA_FORMAT': 'jpg',
             'FLIP': True,
             'HYBRID_JOINTS_TYPE': '',
             'ROOT': 'data/coco/',
             'ROT_FACTOR': 40,
             'SCALE_FACTOR': 0.3,
             'SELECT_DATA': False,
             'TEST_SET': 'val2017',
             'TRAIN_SET': 'train2017'},
 'DATA_DIR': '',
 'DEBUG': {'DEBUG': True,
           'SAVE_BATCH_IMAGES_GT': True,
           'SAVE_BATCH_IMAGES_PRED': True,
           'SAVE_HEATMAPS_GT': True,
           'SAVE_HEATMAPS_PRED': True},
 'GPUS': '0',
 'LOG_DIR': 'log',
 'LOSS': {'USE_TARGET_WEIGHT': True},
 'MODEL': {'EXTRA': {'DECONV_WITH_BIAS': False,
                     'FINAL_CONV_KERNEL': 1,
                     'HEATMAP_SIZE': array([48, 64]),
                     'NUM_DECONV_FILTERS': [256, 256, 256],
                     'NUM_DECONV_KERNELS': [4, 4, 4],
                     'NUM_DECONV_LAYERS': 3,
                     'NUM_LAYERS': 50,
                     'SIGMA': 2,
                     'TARGET_TYPE': 'gaussian'},
           'IMAGE_SIZE': array([192, 256]),
           'INIT_WEIGHTS': True,
           'NAME': 'pose_resnet',
           'NUM_JOINTS': 17,
           'PRETRAINED': 'output/coco/pose_resnet_50/256x192_d256x3_adam_lr1e-3_caffe/checkpoint.pth.tar',
           'STYLE': 'caffe'},
 'OUTPUT_DIR': 'output',
 'PRINT_FREQ': 100,
 'TEST': {'BATCH_SIZE': 32,
          'BBOX_THRE': 1.0,
          'COCO_BBOX_FILE': 'data/coco/person_detection_results/COCO_val2017_detections_AP_H_56_person.json',
          'FLIP_TEST': False,
          'IMAGE_THRE': 0.0,
          'IN_VIS_THRE': 0.2,
          'MODEL_FILE': '',
          'NMS_THRE': 1.0,
          'OKS_THRE': 0.9,
          'POST_PROCESS': True,
          'SHIFT_HEATMAP': True,
          'USE_GT_BBOX': True},
 'TRAIN': {'BATCH_SIZE': 32,
           'BEGIN_EPOCH': 0,
           'CHECKPOINT': '',
           'END_EPOCH': 140,
           'GAMMA1': 0.99,
           'GAMMA2': 0.0,
           'LR': 0.001,
           'LR_FACTOR': 0.1,
           'LR_STEP': [90, 120],
           'MOMENTUM': 0.9,
           'NESTEROV': False,
           'OPTIMIZER': 'adam',
           'RESUME': False,
           'SHUFFLE': True,
           'WD': 0.0001},
 'WORKERS': 4}
2022-04-09 01:56:26,253 => init deconv weights from normal distribution
2022-04-09 01:56:26,253 => init 0.weight as normal(0, 0.001)
2022-04-09 01:56:26,254 => init 0.bias as 0
2022-04-09 01:56:26,313 => init 1.weight as 1
2022-04-09 01:56:26,314 => init 1.bias as 0
2022-04-09 01:56:26,314 => init 3.weight as normal(0, 0.001)
2022-04-09 01:56:26,314 => init 3.bias as 0
2022-04-09 01:56:26,321 => init 4.weight as 1
2022-04-09 01:56:26,322 => init 4.bias as 0
2022-04-09 01:56:26,322 => init 6.weight as normal(0, 0.001)
2022-04-09 01:56:26,322 => init 6.bias as 0
2022-04-09 01:56:26,330 => init 7.weight as 1
2022-04-09 01:56:26,330 => init 7.bias as 0
2022-04-09 01:56:26,330 => init final conv weights from normal distribution
2022-04-09 01:56:26,330 => init 8.weight as normal(0, 0.001)
2022-04-09 01:56:26,330 => init 8.bias as 0
2022-04-09 01:56:26,331 => loading pretrained model output/coco/pose_resnet_50/256x192_d256x3_adam_lr1e-3_caffe/checkpoint.pth.tar
2022-04-09 01:56:52,857 => num_images: 22306
2022-04-09 01:56:53,874 => load 22306 samples
2022-04-09 01:56:55,719 Test: [0/698]	Time 1.808 (1.808)	Loss 8.0309 (8.0309)	Accuracy 0.717 (0.717)
2022-04-09 01:57:10,967 Test: [100/698]	Time 0.114 (0.169)	Loss 8.6235 (7.4717)	Accuracy 0.721 (0.753)
2022-04-09 01:57:26,551 Test: [200/698]	Time 0.134 (0.162)	Loss 8.5813 (7.4036)	Accuracy 0.704 (0.756)
2022-04-09 01:57:42,173 Test: [300/698]	Time 0.167 (0.160)	Loss 6.8168 (7.4284)	Accuracy 0.822 (0.756)
2022-04-09 01:57:57,468 Test: [400/698]	Time 0.161 (0.159)	Loss 7.9743 (7.4080)	Accuracy 0.724 (0.756)
2022-04-09 01:58:12,755 Test: [500/698]	Time 0.126 (0.157)	Loss 8.1163 (7.4040)	Accuracy 0.726 (0.756)
2022-04-09 01:58:28,080 Test: [600/698]	Time 0.164 (0.157)	Loss 7.5639 (7.4133)	Accuracy 0.763 (0.756)
2022-04-09 01:58:45,928 => Writing results json to output/coco/pose_resnet_50/256x192_d256x3_adam_lr1e-3_caffe/results/keypoints_val2017_results.json
2022-04-09 01:59:02,567 | Arch | Null |
2022-04-09 01:59:02,567 |---|---|
2022-04-09 01:59:02,567 | 256x192_pose_resnet_50_d256d256d256 | 0.000 |
